app/build/intermediates/manifest_merge_blame_file/debug/processDebugMainManifest/manifest-merger-blame-debug-report.txt
1<?xml version="1.0" encoding="utf-8"?>
2<manifest xmlns:android="http://schemas.android.com/apk/res/android"
3    package="com.example.cobaltevents"
4    android:versionCode="1"
5    android:versionName="1.0" >
6
7    <uses-sdk
8        android:minSdkVersion="24"
9        android:targetSdkVersion="34" />
10
11    <uses-permission android:name="android.permission.INTERNET" />
11-->src/main/AndroidManifest.xml:4:5-67
11-->src/main/AndroidManifest.xml:4:22-64
12    <uses-permission android:name="android.permission.ACCESS_FINE_LOCATION" />
12-->src/main/AndroidManifest.xml:5:5-79
12-->src/main/AndroidManifest.xml:5:22-76
13    <uses-permission android:name="android.permission.ACCESS_COARSE_LOCATION" />
13-->src/main/AndroidManifest.xml:6:5-81
13-->src/main/AndroidManifest.xml:6:22-78
14    <!-- Although the *SdkVersion is captured in gradle build files, this is required for non gradle builds -->
15    <!-- <uses-sdk android:minSdkVersion="14" /> -->
16    <uses-permission android:name="android.permission.ACCESS_NETWORK_STATE" />
16-->[com.google.firebase:firebase-firestore:24.10.0] AndroidManifest.xml:10:5-79
16-->[com.google.firebase:firebase-firestore:24.10.0] AndroidManifest.xml:10:22-76
17
18    <uses-feature
18-->[com.google.android.gms:play-services-maps:18.2.0] AndroidManifest.xml:26:5-28:35
19        android:glEsVersion="0x00020000"
19-->[com.google.android.gms:play-services-maps:18.2.0] AndroidManifest.xml:27:9-41
20        android:required="true" />
20-->[com.google.android.gms:play-services-maps:18.2.0] AndroidManifest.xml:28:9-32
21
22    <queries>
22-->[com.google.android.gms:play-services-maps:18.2.0] AndroidManifest.xml:30:5-34:15
23
24        <!-- Needs to be explicitly declared on Android R+ -->
25        <package android:name="com.google.android.apps.maps" />
25-->[com.google.android.gms:play-services-maps:18.2.0] AndroidManifest.xml:33:9-64
25-->[com.google.android.gms:play-services-maps:18.2.0] AndroidManifest.xml:33:18-61
26        <package android:name="androidx.test.orchestrator" />
26-->[androidx.test:runner:1.7.0] AndroidManifest.xml:25:9-62
26-->[androidx.test:runner:1.7.0] AndroidManifest.xml:25:18-59
27        <package android:name="androidx.test.services" />
27-->[androidx.test:runner:1.7.0] AndroidManifest.xml:26:9-58
27-->[androidx.test:runner:1.7.0] AndroidManifest.xml:26:18-55
28        <package android:name="com.google.android.apps.common.testing.services" />
28-->[androidx.test:runner:1.7.0] AndroidManifest.xml:27:9-83
28-->[androidx.test:runner:1.7.0] AndroidManifest.xml:27:18-80
29    </queries>
30
31    <uses-permission android:name="android.permission.REORDER_TASKS" />
31-->[androidx.test:core:1.7.0] AndroidManifest.xml:24:5-72
31-->[androidx.test:core:1.7.0] AndroidManifest.xml:24:22-69
32
33    <permission
33-->[androidx.core:core:1.9.0] AndroidManifest.xml:22:5-24:47
34        android:name="com.example.cobaltevents.DYNAMIC_RECEIVER_NOT_EXPORTED_PERMISSION"
34-->[androidx.core:core:1.9.0] AndroidManifest.xml:23:9-81
35        android:protectionLevel="signature" />
35-->[androidx.core:core:1.9.0] AndroidManifest.xml:24:9-44
36
37    <uses-permission android:name="com.example.cobaltevents.DYNAMIC_RECEIVER_NOT_EXPORTED_PERMISSION" /> <!-- TODO: Add other permissions as needed -->
37-->[androidx.core:core:1.9.0] AndroidManifest.xml:26:5-97
37-->[androidx.core:core:1.9.0] AndroidManifest.xml:26:22-94
38    <application
38-->src/main/AndroidManifest.xml:9:5-38:19
39        android:allowBackup="true"
39-->src/main/AndroidManifest.xml:10:9-35
40        android:appComponentFactory="androidx.core.app.CoreComponentFactory"
40-->[androidx.core:core:1.9.0] AndroidManifest.xml:28:18-86
41        android:debuggable="true"
42        android:extractNativeLibs="false"
43        android:label="@string/app_name"
43-->src/main/AndroidManifest.xml:11:9-41
44        android:testOnly="true"
45        android:theme="@style/Theme.CobaltEvents" >
45-->src/main/AndroidManifest.xml:12:9-50
46        <activity
46-->src/main/AndroidManifest.xml:14:9-20:20
47            android:name="com.example.cobaltevents.ui.MainActivity"
47-->src/main/AndroidManifest.xml:14:19-50
48            android:exported="true" >
48-->src/main/AndroidManifest.xml:15:13-36
49            <intent-filter>
49-->src/main/AndroidManifest.xml:16:13-19:29
50                <action android:name="android.intent.action.MAIN" />
50-->src/main/AndroidManifest.xml:17:17-69
50-->src/main/AndroidManifest.xml:17:25-66
51
52                <category android:name="android.intent.category.LAUNCHER" />
52-->src/main/AndroidManifest.xml:18:17-77
52-->src/main/AndroidManifest.xml:18:27-74
53            </intent-filter>
54        </activity>
55
56        <!-- TODO: Register all activities -->
57        <activity android:name="com.example.cobaltevents.ui.EntrantActivity" />
57-->src/main/AndroidManifest.xml:23:9-56
57-->src/main/AndroidManifest.xml:23:19-53
58        <activity android:name="com.example.cobaltevents.ui.EntrantEditActivity" />
58-->src/main/AndroidManifest.xml:24:9-60
58-->src/main/AndroidManifest.xml:24:19-57
59        <activity android:name="com.example.cobaltevents.ui.EventListActivity" />
59-->src/main/AndroidManifest.xml:25:9-58
59-->src/main/AndroidManifest.xml:25:19-55
60        <activity android:name="com.example.cobaltevents.ui.EventDetailActivity" />
60-->src/main/AndroidManifest.xml:26:9-60
60-->src/main/AndroidManifest.xml:26:19-57
61        <activity android:name="com.example.cobaltevents.ui.EventCreateActivity" />
61-->src/main/AndroidManifest.xml:27:9-60
61-->src/main/AndroidManifest.xml:27:19-57
62        <activity android:name="com.example.cobaltevents.ui.OrganizerActivity" />
62-->src/main/AndroidManifest.xml:28:9-58
62-->src/main/AndroidManifest.xml:28:19-55
63        <activity android:name="com.example.cobaltevents.ui.EventManageActivity" />
63-->src/main/AndroidManifest.xml:29:9-60
63-->src/main/AndroidManifest.xml:29:19-57
64        <activity android:name="com.example.cobaltevents.ui.QRScanActivity" />
64-->src/main/AndroidManifest.xml:30:9-55
64-->src/main/AndroidManifest.xml:30:19-52
65        <activity android:name="com.example.cobaltevents.ui.admin.AdminActivity" />
65-->src/main/AndroidManifest.xml:31:9-60
65-->src/main/AndroidManifest.xml:31:19-57
66        <activity android:name="com.example.cobaltevents.ui.admin.AdminEventListActivity" />
66-->src/main/AndroidManifest.xml:32:9-69
66-->src/main/AndroidManifest.xml:32:19-66
67        <activity android:name="com.example.cobaltevents.ui.admin.AdminProfileListActivity" />
67-->src/main/AndroidManifest.xml:33:9-71
67-->src/main/AndroidManifest.xml:33:19-68
68        <activity android:name="com.example.cobaltevents.ui.admin.AdminImageListActivity" />
68-->src/main/AndroidManifest.xml:34:9-69
68-->src/main/AndroidManifest.xml:34:19-66
69
70        <!-- TODO: Add Google Maps API key meta-data if using maps -->
71
72        <service
72-->[com.google.firebase:firebase-firestore:24.10.0] AndroidManifest.xml:14:9-23:19
73            android:name="com.google.firebase.components.ComponentDiscoveryService"
73-->[com.google.firebase:firebase-firestore:24.10.0] AndroidManifest.xml:15:13-84
74            android:directBootAware="true"
74-->[com.google.firebase:firebase-common:20.4.2] AndroidManifest.xml:32:13-43
75            android:exported="false" >
75-->[com.google.firebase:firebase-firestore:24.10.0] AndroidManifest.xml:16:13-37
76            <meta-data
76-->[com.google.firebase:firebase-firestore:24.10.0] AndroidManifest.xml:17:13-19:85
77                android:name="com.google.firebase.components:com.google.firebase.firestore.FirebaseFirestoreKtxRegistrar"
77-->[com.google.firebase:firebase-firestore:24.10.0] AndroidManifest.xml:18:17-122
78                android:value="com.google.firebase.components.ComponentRegistrar" />
78-->[com.google.firebase:firebase-firestore:24.10.0] AndroidManifest.xml:19:17-82
79            <meta-data
79-->[com.google.firebase:firebase-firestore:24.10.0] AndroidManifest.xml:20:13-22:85
80                android:name="com.google.firebase.components:com.google.firebase.firestore.FirestoreRegistrar"
80-->[com.google.firebase:firebase-firestore:24.10.0] AndroidManifest.xml:21:17-111
81                android:value="com.google.firebase.components.ComponentRegistrar" />
81-->[com.google.firebase:firebase-firestore:24.10.0] AndroidManifest.xml:22:17-82
82            <meta-data
82-->[com.google.firebase:firebase-storage:20.3.0] AndroidManifest.xml:30:13-32:85
83                android:name="com.google.firebase.components:com.google.firebase.storage.FirebaseStorageKtxRegistrar"
83-->[com.google.firebase:firebase-storage:20.3.0] AndroidManifest.xml:31:17-118
84                android:value="com.google.firebase.components.ComponentRegistrar" />
84-->[com.google.firebase:firebase-storage:20.3.0] AndroidManifest.xml:32:17-82
85            <meta-data
85-->[com.google.firebase:firebase-storage:20.3.0] AndroidManifest.xml:33:13-35:85
86                android:name="com.google.firebase.components:com.google.firebase.storage.StorageRegistrar"
86-->[com.google.firebase:firebase-storage:20.3.0] AndroidManifest.xml:34:17-107
87                android:value="com.google.firebase.components.ComponentRegistrar" />
87-->[com.google.firebase:firebase-storage:20.3.0] AndroidManifest.xml:35:17-82
88            <meta-data
88-->[com.google.firebase:firebase-appcheck:17.1.1] AndroidManifest.xml:25:13-27:85
89                android:name="com.google.firebase.components:com.google.firebase.appcheck.FirebaseAppCheckKtxRegistrar"
89-->[com.google.firebase:firebase-appcheck:17.1.1] AndroidManifest.xml:26:17-120
90                android:value="com.google.firebase.components.ComponentRegistrar" />
90-->[com.google.firebase:firebase-appcheck:17.1.1] AndroidManifest.xml:27:17-82
91            <meta-data
91-->[com.google.firebase:firebase-appcheck:17.1.1] AndroidManifest.xml:28:13-30:85
92                android:name="com.google.firebase.components:com.google.firebase.appcheck.FirebaseAppCheckRegistrar"
92-->[com.google.firebase:firebase-appcheck:17.1.1] AndroidManifest.xml:29:17-117
93                android:value="com.google.firebase.components.ComponentRegistrar" />
93-->[com.google.firebase:firebase-appcheck:17.1.1] AndroidManifest.xml:30:17-82
94            <meta-data
94-->[com.google.firebase:firebase-common-ktx:20.4.2] AndroidManifest.xml:12:13-14:85
95                android:name="com.google.firebase.components:com.google.firebase.ktx.FirebaseCommonLegacyRegistrar"
95-->[com.google.firebase:firebase-common-ktx:20.4.2] AndroidManifest.xml:13:17-116
96                android:value="com.google.firebase.components.ComponentRegistrar" />
96-->[com.google.firebase:firebase-common-ktx:20.4.2] AndroidManifest.xml:14:17-82
97            <meta-data
97-->[com.google.firebase:firebase-common:20.4.2] AndroidManifest.xml:35:13-37:85
98                android:name="com.google.firebase.components:com.google.firebase.FirebaseCommonKtxRegistrar"
98-->[com.google.firebase:firebase-common:20.4.2] AndroidManifest.xml:36:17-109
99                android:value="com.google.firebase.components.ComponentRegistrar" />
99-->[com.google.firebase:firebase-common:20.4.2] AndroidManifest.xml:37:17-82
100        </service> <!-- Needs to be explicitly declared on P+ -->
101        <uses-library
101-->[com.google.android.gms:play-services-maps:18.2.0] AndroidManifest.xml:39:9-41:40
102            android:name="org.apache.http.legacy"
102-->[com.google.android.gms:play-services-maps:18.2.0] AndroidManifest.xml:40:13-50
103            android:required="false" />
103-->[com.google.android.gms:play-services-maps:18.2.0] AndroidManifest.xml:41:13-37
104
105        <provider
105-->[com.google.firebase:firebase-common:20.4.2] AndroidManifest.xml:23:9-28:39
106            android:name="com.google.firebase.provider.FirebaseInitProvider"
106-->[com.google.firebase:firebase-common:20.4.2] AndroidManifest.xml:24:13-77
107            android:authorities="com.example.cobaltevents.firebaseinitprovider"
107-->[com.google.firebase:firebase-common:20.4.2] AndroidManifest.xml:25:13-72
108            android:directBootAware="true"
108-->[com.google.firebase:firebase-common:20.4.2] AndroidManifest.xml:26:13-43
109            android:exported="false"
109-->[com.google.firebase:firebase-common:20.4.2] AndroidManifest.xml:27:13-37
110            android:initOrder="100" />
110-->[com.google.firebase:firebase-common:20.4.2] AndroidManifest.xml:28:13-36
111
112        <activity
112-->[com.google.android.gms:play-services-base:18.3.0] AndroidManifest.xml:20:9-22:45
113            android:name="com.google.android.gms.common.api.GoogleApiActivity"
113-->[com.google.android.gms:play-services-base:18.3.0] AndroidManifest.xml:20:19-85
114            android:exported="false"
114-->[com.google.android.gms:play-services-base:18.3.0] AndroidManifest.xml:22:19-43
115            android:theme="@android:style/Theme.Translucent.NoTitleBar" />
115-->[com.google.android.gms:play-services-base:18.3.0] AndroidManifest.xml:21:19-78
116        <activity
116-->[androidx.test:core:1.7.0] AndroidManifest.xml:27:9-34:20
117            android:name="androidx.test.core.app.InstrumentationActivityInvoker$BootstrapActivity"
117-->[androidx.test:core:1.7.0] AndroidManifest.xml:28:13-99
118            android:exported="true"
118-->[androidx.test:core:1.7.0] AndroidManifest.xml:29:13-36
119            android:theme="@style/WhiteBackgroundTheme" >
119-->[androidx.test:core:1.7.0] AndroidManifest.xml:30:13-56
120            <intent-filter android:priority="-100" >
120-->[androidx.test:core:1.7.0] AndroidManifest.xml:31:13-33:29
120-->[androidx.test:core:1.7.0] AndroidManifest.xml:31:28-51
121                <category android:name="android.intent.category.LAUNCHER" />
121-->src/main/AndroidManifest.xml:18:17-77
121-->src/main/AndroidManifest.xml:18:27-74
122            </intent-filter>
123        </activity>
124        <activity
124-->[androidx.test:core:1.7.0] AndroidManifest.xml:35:9-42:20
125            android:name="androidx.test.core.app.InstrumentationActivityInvoker$EmptyActivity"
125-->[androidx.test:core:1.7.0] AndroidManifest.xml:36:13-95
126            android:exported="true"
126-->[androidx.test:core:1.7.0] AndroidManifest.xml:37:13-36
127            android:theme="@style/WhiteBackgroundTheme" >
127-->[androidx.test:core:1.7.0] AndroidManifest.xml:38:13-56
128            <intent-filter android:priority="-100" >
128-->[androidx.test:core:1.7.0] AndroidManifest.xml:31:13-33:29
128-->[androidx.test:core:1.7.0] AndroidManifest.xml:31:28-51
129                <category android:name="android.intent.category.LAUNCHER" />
129-->src/main/AndroidManifest.xml:18:17-77
129-->src/main/AndroidManifest.xml:18:27-74
130            </intent-filter>
131        </activity>
132        <activity
132-->[androidx.test:core:1.7.0] AndroidManifest.xml:43:9-50:20
133            android:name="androidx.test.core.app.InstrumentationActivityInvoker$EmptyFloatingActivity"
133-->[androidx.test:core:1.7.0] AndroidManifest.xml:44:13-103
134            android:exported="true"
134-->[androidx.test:core:1.7.0] AndroidManifest.xml:45:13-36
135            android:theme="@style/WhiteBackgroundDialogTheme" >
135-->[androidx.test:core:1.7.0] AndroidManifest.xml:46:13-62
136            <intent-filter android:priority="-100" >
136-->[androidx.test:core:1.7.0] AndroidManifest.xml:31:13-33:29
136-->[androidx.test:core:1.7.0] AndroidManifest.xml:31:28-51
137                <category android:name="android.intent.category.LAUNCHER" />
137-->src/main/AndroidManifest.xml:18:17-77
137-->src/main/AndroidManifest.xml:18:27-74
138            </intent-filter>
139        </activity>
140
141        <provider
141-->[androidx.emoji2:emoji2:1.2.0] AndroidManifest.xml:24:9-32:20
142            android:name="androidx.startup.InitializationProvider"
142-->[androidx.emoji2:emoji2:1.2.0] AndroidManifest.xml:25:13-67
143            android:authorities="com.example.cobaltevents.androidx-startup"
143-->[androidx.emoji2:emoji2:1.2.0] AndroidManifest.xml:26:13-68
144            android:exported="false" >
144-->[androidx.emoji2:emoji2:1.2.0] AndroidManifest.xml:27:13-37
145            <meta-data
145-->[androidx.emoji2:emoji2:1.2.0] AndroidManifest.xml:29:13-31:52
146                android:name="androidx.emoji2.text.EmojiCompatInitializer"
146-->[androidx.emoji2:emoji2:1.2.0] AndroidManifest.xml:30:17-75
147                android:value="androidx.startup" />
147-->[androidx.emoji2:emoji2:1.2.0] AndroidManifest.xml:31:17-49
148            <meta-data
148-->[androidx.lifecycle:lifecycle-process:2.6.1] AndroidManifest.xml:29:13-31:52
149                android:name="androidx.lifecycle.ProcessLifecycleInitializer"
149-->[androidx.lifecycle:lifecycle-process:2.6.1] AndroidManifest.xml:30:17-78
150                android:value="androidx.startup" />
150-->[androidx.lifecycle:lifecycle-process:2.6.1] AndroidManifest.xml:31:17-49
151            <meta-data
151-->[androidx.profileinstaller:profileinstaller:1.3.0] AndroidManifest.xml:29:13-31:52
152                android:name="androidx.profileinstaller.ProfileInstallerInitializer"
152-->[androidx.profileinstaller:profileinstaller:1.3.0] AndroidManifest.xml:30:17-85
153                android:value="androidx.startup" />
153-->[androidx.profileinstaller:profileinstaller:1.3.0] AndroidManifest.xml:31:17-49
154        </provider>
155
156        <receiver
156-->[androidx.profileinstaller:profileinstaller:1.3.0] AndroidManifest.xml:34:9-52:20
157            android:name="androidx.profileinstaller.ProfileInstallReceiver"
157-->[androidx.profileinstaller:profileinstaller:1.3.0] AndroidManifest.xml:35:13-76
158            android:directBootAware="false"
158-->[androidx.profileinstaller:profileinstaller:1.3.0] AndroidManifest.xml:36:13-44
159            android:enabled="true"
159-->[androidx.profileinstaller:profileinstaller:1.3.0] AndroidManifest.xml:37:13-35
160            android:exported="true"
160-->[androidx.profileinstaller:profileinstaller:1.3.0] AndroidManifest.xml:38:13-36
161            android:permission="android.permission.DUMP" >
161-->[androidx.profileinstaller:profileinstaller:1.3.0] AndroidManifest.xml:39:13-57
162            <intent-filter>
162-->[androidx.profileinstaller:profileinstaller:1.3.0] AndroidManifest.xml:40:13-42:29
163                <action android:name="androidx.profileinstaller.action.INSTALL_PROFILE" />
163-->[androidx.profileinstaller:profileinstaller:1.3.0] AndroidManifest.xml:41:17-91
163-->[androidx.profileinstaller:profileinstaller:1.3.0] AndroidManifest.xml:41:25-88
164            </intent-filter>
165            <intent-filter>
165-->[androidx.profileinstaller:profileinstaller:1.3.0] AndroidManifest.xml:43:13-45:29
166                <action android:name="androidx.profileinstaller.action.SKIP_FILE" />
166-->[androidx.profileinstaller:profileinstaller:1.3.0] AndroidManifest.xml:44:17-85
166-->[androidx.profileinstaller:profileinstaller:1.3.0] AndroidManifest.xml:44:25-82
167            </intent-filter>
168            <intent-filter>
168-->[androidx.profileinstaller:profileinstaller:1.3.0] AndroidManifest.xml:46:13-48:29
169                <action android:name="androidx.profileinstaller.action.SAVE_PROFILE" />
169-->[androidx.profileinstaller:profileinstaller:1.3.0] AndroidManifest.xml:47:17-88
169-->[androidx.profileinstaller:profileinstaller:1.3.0] AndroidManifest.xml:47:25-85
170            </intent-filter>
171            <intent-filter>
171-->[androidx.profileinstaller:profileinstaller:1.3.0] AndroidManifest.xml:49:13-51:29
172                <action android:name="androidx.profileinstaller.action.BENCHMARK_OPERATION" />
172-->[androidx.profileinstaller:profileinstaller:1.3.0] AndroidManifest.xml:50:17-95
172-->[androidx.profileinstaller:profileinstaller:1.3.0] AndroidManifest.xml:50:25-92
173            </intent-filter>
174        </receiver>
175
176        <meta-data
176-->[com.google.android.gms:play-services-basement:18.3.0] AndroidManifest.xml:21:9-23:69
177            android:name="com.google.android.gms.version"
177-->[com.google.android.gms:play-services-basement:18.3.0] AndroidManifest.xml:22:13-58
178            android:value="@integer/google_play_services_version" />
178-->[com.google.android.gms:play-services-basement:18.3.0] AndroidManifest.xml:23:13-66
179    </application>
180
181</manifest>